<?xml version="1.0" encoding="UTF-8"?>
<!-- Generated by org.testng.reporters.JUnitXMLReporter -->
<testsuite ignored="0" hostname="LAPTOP-C9Q6D5O7" failures="1" tests="1" name="Test" time="41.021" errors="0" timestamp="2022-09-05T15:45:47 IST">
  <testcase classname="com.IRCTC.testcases.LoginTest" name="logintest1" time="14.915">
    <failure type="java.lang.AssertionError" message="HomePage Open successfully!! expected [IRCTC Next Generation eTicketing System 11] but found [IRCTC Next Generation eTicketing System]">
      <![CDATA[java.lang.AssertionError: HomePage Open successfully!! expected [IRCTC Next Generation eTicketing System 11] but found [IRCTC Next Generation eTicketing System]
at com.IRCTC.pages.LoginPage.Login(LoginPage.java:174)
at com.IRCTC.testcases.LoginTest.logintest1(LoginTest.java:47)
at java.base/java.util.ArrayList.forEach(ArrayList.java:1511)
... Removed 32 stack frames]]>
    </failure>
  </testcase> <!-- logintest1 -->
</testsuite> <!-- Test -->
