<?xml version="1.0" encoding="UTF-8"?>
<testng-results ignored="0" total="1" passed="0" failed="1" skipped="0">
  <reporter-output>
  </reporter-output>
  <suite started-at="2022-09-05T15:45:06 IST" name="Suite" finished-at="2022-09-05T15:45:47 IST" duration-ms="41021">
    <groups>
    </groups>
    <test started-at="2022-09-05T15:45:06 IST" name="Test" finished-at="2022-09-05T15:45:47 IST" duration-ms="41021">
      <class name="com.IRCTC.testcases.LoginTest">
        <test-method is-config="true" signature="setup()[pri:0, instance:com.IRCTC.testcases.LoginTest@2c07545f]" started-at="2022-09-05T15:45:08 IST" name="setup" finished-at="2022-09-05T15:45:29 IST" duration-ms="20920" status="PASS">
          <reporter-output>
          </reporter-output>
        </test-method> <!-- setup -->
        <test-method signature="logintest1(java.lang.String,java.lang.String)[pri:0, instance:com.IRCTC.testcases.LoginTest@2c07545f]" started-at="2022-09-05T15:45:29 IST" name="logintest1" data-provider="logininfo" finished-at="2022-09-05T15:45:44 IST" duration-ms="14915" status="FAIL">
          <params>
            <param index="0">
              <value>
                <![CDATA[TejaswiPachpute]]>
              </value>
            </param>
            <param index="1">
              <value>
                <![CDATA[Tejaswi@2612]]>
              </value>
            </param>
          </params>
          <exception class="java.lang.AssertionError">
            <message>
              <![CDATA[HomePage Open successfully!! expected [IRCTC Next Generation eTicketing System 11] but found [IRCTC Next Generation eTicketing System]]]>
            </message>
            <full-stacktrace>
              <![CDATA[java.lang.AssertionError: HomePage Open successfully!! expected [IRCTC Next Generation eTicketing System 11] but found [IRCTC Next Generation eTicketing System]
at org.testng.Assert.fail(Assert.java:99)
at org.testng.Assert.failNotEquals(Assert.java:1037)
at org.testng.Assert.assertEqualsImpl(Assert.java:140)
at org.testng.Assert.assertEquals(Assert.java:122)
at org.testng.Assert.assertEquals(Assert.java:629)
at com.IRCTC.pages.LoginPage.Login(LoginPage.java:174)
at com.IRCTC.testcases.LoginTest.logintest1(LoginTest.java:47)
at java.base/jdk.internal.reflect.NativeMethodAccessorImpl.invoke0(Native Method)
at java.base/jdk.internal.reflect.NativeMethodAccessorImpl.invoke(NativeMethodAccessorImpl.java:78)
at java.base/jdk.internal.reflect.DelegatingMethodAccessorImpl.invoke(DelegatingMethodAccessorImpl.java:43)
at java.base/java.lang.reflect.Method.invoke(Method.java:567)
at org.testng.internal.MethodInvocationHelper.invokeMethod(MethodInvocationHelper.java:133)
at org.testng.internal.TestInvoker.invokeMethod(TestInvoker.java:598)
at org.testng.internal.TestInvoker.invokeTestMethod(TestInvoker.java:173)
at org.testng.internal.MethodRunner.runInSequence(MethodRunner.java:46)
at org.testng.internal.TestInvoker$MethodInvocationAgent.invoke(TestInvoker.java:824)
at org.testng.internal.TestInvoker.invokeTestMethods(TestInvoker.java:146)
at org.testng.internal.TestMethodWorker.invokeTestMethods(TestMethodWorker.java:146)
at org.testng.internal.TestMethodWorker.run(TestMethodWorker.java:128)
at java.base/java.util.ArrayList.forEach(ArrayList.java:1511)
at org.testng.TestRunner.privateRun(TestRunner.java:794)
at org.testng.TestRunner.run(TestRunner.java:596)
at org.testng.SuiteRunner.runTest(SuiteRunner.java:377)
at org.testng.SuiteRunner.runSequentially(SuiteRunner.java:371)
at org.testng.SuiteRunner.privateRun(SuiteRunner.java:332)
at org.testng.SuiteRunner.run(SuiteRunner.java:276)
at org.testng.SuiteRunnerWorker.runSuite(SuiteRunnerWorker.java:53)
at org.testng.SuiteRunnerWorker.run(SuiteRunnerWorker.java:96)
at org.testng.TestNG.runSuitesSequentially(TestNG.java:1212)
at org.testng.TestNG.runSuitesLocally(TestNG.java:1134)
at org.testng.TestNG.runSuites(TestNG.java:1063)
at org.testng.TestNG.run(TestNG.java:1031)
at org.testng.remote.AbstractRemoteTestNG.run(AbstractRemoteTestNG.java:115)
at org.testng.remote.RemoteTestNG.initAndRun(RemoteTestNG.java:251)
at org.testng.remote.RemoteTestNG.main(RemoteTestNG.java:77)
]]>
            </full-stacktrace>
          </exception> <!-- java.lang.AssertionError -->
          <reporter-output>
          </reporter-output>
        </test-method> <!-- logintest1 -->
        <test-method is-config="true" signature="TearDown()[pri:0, instance:com.IRCTC.testcases.LoginTest@2c07545f]" started-at="2022-09-05T15:45:46 IST" name="TearDown" finished-at="2022-09-05T15:45:47 IST" duration-ms="547" status="PASS">
          <reporter-output>
          </reporter-output>
        </test-method> <!-- TearDown -->
      </class> <!-- com.IRCTC.testcases.LoginTest -->
    </test> <!-- Test -->
  </suite> <!-- Suite -->
</testng-results>
